2026-04-15 09:20:36 [com.example.crudapp.Main.main()] INFO  com.example.crudapp.Main - Starting Generic CRUD Application (Vanilla Java)...
2026-04-15 09:20:36 [com.example.crudapp.Main.main()] INFO  com.example.crudapp.Main - --------------------------------------------------
2026-04-15 09:20:36 [com.example.crudapp.Main.main()] INFO  com.example.crudapp.Main - 🔑 TEST JWT TOKEN (for Postman/Browser extension):
2026-04-15 09:20:36 [com.example.crudapp.Main.main()] INFO  com.example.crudapp.Main - Bearer eyJhbGciOiJIUzM4NCJ9.eyJzdWIiOiJ0ZXN0LXVzZXIifQ.zVMnd2RVVkjfD8Fhbd_VWyrsqdL3-xxrLQGT9kJaJSiNCa_Lbu0rwaIKSdGN5IKd
2026-04-15 09:20:36 [com.example.crudapp.Main.main()] INFO  com.example.crudapp.Main - --------------------------------------------------
2026-04-15 09:20:36 [com.example.crudapp.Main.main()] INFO  c.e.crudapp.logic.DynamicCrudManager - 🚀 Registering dynamic resource: [Product] at path [/api/v2/products]
2026-04-15 09:20:36 [com.example.crudapp.Main.main()] INFO  o.h.validator.internal.util.Version - HV000001: Hibernate Validator 8.0.1.Final
2026-04-15 09:20:37 [com.example.crudapp.Main.main()] INFO  io.javalin.Javalin - Starting Javalin ...
2026-04-15 09:20:37 [com.example.crudapp.Main.main()] INFO  org.eclipse.jetty.server.Server - jetty-11.0.20; built: 2024-01-29T21:04:22.394Z; git: 922f8dc188f7011e60d0361de585fd4ac4d63064; jvm 26+35-2893
2026-04-15 09:20:37 [com.example.crudapp.Main.main()] INFO  o.e.j.s.s.DefaultSessionIdManager - Session workerName=node0
2026-04-15 09:20:37 [com.example.crudapp.Main.main()] INFO  o.e.j.server.handler.ContextHandler - Started o.e.j.s.ServletContextHandler@34566909{/,null,AVAILABLE}
2026-04-15 09:20:37 [com.example.crudapp.Main.main()] INFO  o.e.jetty.server.AbstractConnector - Started ServerConnector@7c0e955d{HTTP/1.1, (http/1.1)}{0.0.0.0:8080}
2026-04-15 09:20:37 [com.example.crudapp.Main.main()] INFO  org.eclipse.jetty.server.Server - Started Server@2ac99862{STARTING}[11.0.20,sto=0] @6429ms
2026-04-15 09:20:37 [com.example.crudapp.Main.main()] INFO  io.javalin.Javalin - 
       __                  ___           _____
      / /___ __   ______ _/ (_)___      / ___/
 __  / / __ `/ | / / __ `/ / / __ \    / __ \
/ /_/ / /_/ /| |/ / /_/ / / / / / /   / /_/ /
\____/\__,_/ |___/\__,_/_/_/_/ /_/    \____/

       https://javalin.io/documentation

2026-04-15 09:20:37 [com.example.crudapp.Main.main()] INFO  io.javalin.Javalin - Javalin started in 369ms \o/
2026-04-15 09:20:37 [com.example.crudapp.Main.main()] INFO  io.javalin.Javalin - Listening on http://localhost:8080/
2026-04-15 09:20:37 [com.example.crudapp.Main.main()] INFO  io.javalin.Javalin - You are running Javalin 6.1.3 (released March 2, 2024. Your Javalin version is 773 days old. Consider checking for a newer version.).
2026-04-15 09:20:37 [com.example.crudapp.Main.main()] INFO  com.example.crudapp.Main - 🚀 Server started on http://localhost:8080
2026-04-15 09:21:50 [Thread-22] INFO  com.example.crudapp.Main - Shutting down...
2026-04-15 09:21:50 [Thread-22] INFO  io.javalin.Javalin - Stopping Javalin ...
2026-04-15 09:21:50 [Thread-22] INFO  org.eclipse.jetty.server.Server - Stopped Server@2ac99862{STOPPING}[11.0.20,sto=0]
2026-04-15 09:21:50 [Thread-22] INFO  o.e.jetty.server.AbstractConnector - Stopped ServerConnector@7c0e955d{HTTP/1.1, (http/1.1)}{0.0.0.0:8080}
2026-04-15 09:21:50 [Thread-22] INFO  o.e.j.server.handler.ContextHandler - Stopped o.e.j.s.ServletContextHandler@34566909{/,null,STOPPED}
2026-04-15 09:21:50 [Thread-22] INFO  io.javalin.Javalin - Javalin has stopped
2026-04-15 09:21:50 [Thread-22] INFO  o.h.jpa.internal.util.LogHelper - HHH000204: Processing PersistenceUnitInfo [name: crud-unit]
2026-04-15 09:21:50 [Thread-22] INFO  org.hibernate.Version - HHH000412: Hibernate ORM core version 6.4.4.Final
2026-04-15 09:21:50 [Thread-22] INFO  o.h.c.i.RegionFactoryInitiator - HHH000026: Second-level cache disabled
2026-04-15 09:21:50 [Thread-22] WARN  o.hibernate.orm.connections.pooling - HHH10001002: Using built-in connection pool (not intended for production use)
2026-04-15 09:21:50 [Thread-22] INFO  o.hibernate.orm.connections.pooling - HHH10001005: Loaded JDBC driver class: org.postgresql.Driver
2026-04-15 09:21:50 [Thread-22] INFO  o.hibernate.orm.connections.pooling - HHH10001012: Connecting with JDBC URL [jdbc:postgresql://localhost:5432/cruddb]
2026-04-15 09:21:50 [Thread-22] INFO  o.hibernate.orm.connections.pooling - HHH10001001: Connection properties: {user=user, password=****}
2026-04-15 09:21:50 [Thread-22] INFO  o.hibernate.orm.connections.pooling - HHH10001003: Autocommit mode: false
2026-04-15 09:21:50 [Thread-22] INFO  o.hibernate.orm.connections.pooling - HHH10001115: Connection pool size: 20 (min=1)
2026-04-15 09:21:51 [Thread-22] WARN  org.hibernate.orm.deprecation - HHH90000025: PostgreSQLDialect does not need to be specified explicitly using 'hibernate.dialect' (remove the property setting and it will be selected by default)
2026-04-15 09:21:52 [Thread-22] INFO  o.hibernate.orm.connections.pooling - HHH10001008: Cleaning up connection pool [jdbc:postgresql://localhost:5432/cruddb]
2026-04-15 09:26:26 [com.example.crudapp.Main.main()] INFO  com.example.crudapp.Main - Starting Generic CRUD Application (Vanilla Java)...
2026-04-15 09:26:27 [com.example.crudapp.Main.main()] INFO  com.example.crudapp.Main - --------------------------------------------------
2026-04-15 09:26:27 [com.example.crudapp.Main.main()] INFO  com.example.crudapp.Main - 🔑 TEST JWT TOKEN (for Postman/Browser extension):
2026-04-15 09:26:27 [com.example.crudapp.Main.main()] INFO  com.example.crudapp.Main - Bearer eyJhbGciOiJIUzM4NCJ9.eyJzdWIiOiJ0ZXN0LXVzZXIifQ.zVMnd2RVVkjfD8Fhbd_VWyrsqdL3-xxrLQGT9kJaJSiNCa_Lbu0rwaIKSdGN5IKd
2026-04-15 09:26:27 [com.example.crudapp.Main.main()] INFO  com.example.crudapp.Main - --------------------------------------------------
2026-04-15 09:26:27 [com.example.crudapp.Main.main()] INFO  c.e.crudapp.logic.DynamicCrudManager - 🚀 Registering dynamic resource: [Product] at path [/api/v2/products]
2026-04-15 09:26:27 [com.example.crudapp.Main.main()] INFO  o.h.validator.internal.util.Version - HV000001: Hibernate Validator 8.0.1.Final
2026-04-15 09:27:08 [com.example.crudapp.Main.main()] INFO  com.example.crudapp.Main - Starting Generic CRUD Application (Vanilla Java)...
2026-04-15 09:27:08 [com.example.crudapp.Main.main()] INFO  com.example.crudapp.Main - --------------------------------------------------
2026-04-15 09:27:08 [com.example.crudapp.Main.main()] INFO  com.example.crudapp.Main - 🔑 TEST JWT TOKEN (for Postman/Browser extension):
2026-04-15 09:27:08 [com.example.crudapp.Main.main()] INFO  com.example.crudapp.Main - Bearer eyJhbGciOiJIUzM4NCJ9.eyJzdWIiOiJ0ZXN0LXVzZXIifQ.zVMnd2RVVkjfD8Fhbd_VWyrsqdL3-xxrLQGT9kJaJSiNCa_Lbu0rwaIKSdGN5IKd
2026-04-15 09:27:08 [com.example.crudapp.Main.main()] INFO  com.example.crudapp.Main - --------------------------------------------------
2026-04-15 09:27:08 [com.example.crudapp.Main.main()] INFO  c.e.crudapp.logic.DynamicCrudManager - 🚀 Registering dynamic resource: [Product] at path [/api/v2/products]
2026-04-15 09:27:08 [com.example.crudapp.Main.main()] INFO  o.h.validator.internal.util.Version - HV000001: Hibernate Validator 8.0.1.Final
2026-04-15 09:27:40 [com.example.crudapp.Main.main()] INFO  com.example.crudapp.Main - Starting Generic CRUD Application (Vanilla Java)...
2026-04-15 09:27:40 [com.example.crudapp.Main.main()] INFO  com.example.crudapp.Main - --------------------------------------------------
2026-04-15 09:27:40 [com.example.crudapp.Main.main()] INFO  com.example.crudapp.Main - 🔑 TEST JWT TOKEN (for Postman/Browser extension):
2026-04-15 09:27:40 [com.example.crudapp.Main.main()] INFO  com.example.crudapp.Main - Bearer eyJhbGciOiJIUzM4NCJ9.eyJzdWIiOiJ0ZXN0LXVzZXIifQ.zVMnd2RVVkjfD8Fhbd_VWyrsqdL3-xxrLQGT9kJaJSiNCa_Lbu0rwaIKSdGN5IKd
2026-04-15 09:27:40 [com.example.crudapp.Main.main()] INFO  com.example.crudapp.Main - --------------------------------------------------
2026-04-15 09:27:40 [com.example.crudapp.Main.main()] INFO  c.e.crudapp.logic.DynamicCrudManager - 🚀 Registering dynamic resource: [Product] at path [/api/v2/products]
2026-04-15 09:27:40 [com.example.crudapp.Main.main()] INFO  o.h.validator.internal.util.Version - HV000001: Hibernate Validator 8.0.1.Final
2026-04-15 09:28:07 [com.example.crudapp.Main.main()] INFO  com.example.crudapp.Main - Starting Generic CRUD Application (Vanilla Java)...
2026-04-15 09:28:07 [com.example.crudapp.Main.main()] INFO  com.example.crudapp.Main - --------------------------------------------------
2026-04-15 09:28:07 [com.example.crudapp.Main.main()] INFO  com.example.crudapp.Main - 🔑 TEST JWT TOKEN (for Postman/Browser extension):
2026-04-15 09:28:07 [com.example.crudapp.Main.main()] INFO  com.example.crudapp.Main - Bearer eyJhbGciOiJIUzM4NCJ9.eyJzdWIiOiJ0ZXN0LXVzZXIifQ.zVMnd2RVVkjfD8Fhbd_VWyrsqdL3-xxrLQGT9kJaJSiNCa_Lbu0rwaIKSdGN5IKd
2026-04-15 09:28:07 [com.example.crudapp.Main.main()] INFO  com.example.crudapp.Main - --------------------------------------------------
2026-04-15 09:28:07 [com.example.crudapp.Main.main()] INFO  c.e.crudapp.logic.DynamicCrudManager - 🚀 Registering dynamic resource: [Product] at path [/api/v2/products]
2026-04-15 09:28:08 [com.example.crudapp.Main.main()] INFO  o.h.validator.internal.util.Version - HV000001: Hibernate Validator 8.0.1.Final
2026-04-15 09:29:19 [com.example.crudapp.Main.main()] INFO  com.example.crudapp.Main - Starting Generic CRUD Application (Vanilla Java)...
2026-04-15 09:29:19 [com.example.crudapp.Main.main()] INFO  com.example.crudapp.Main - --------------------------------------------------
2026-04-15 09:29:19 [com.example.crudapp.Main.main()] INFO  com.example.crudapp.Main - 🔑 TEST JWT TOKEN (for Postman/Browser extension):
2026-04-15 09:29:19 [com.example.crudapp.Main.main()] INFO  com.example.crudapp.Main - Bearer eyJhbGciOiJIUzM4NCJ9.eyJzdWIiOiJ0ZXN0LXVzZXIifQ.zVMnd2RVVkjfD8Fhbd_VWyrsqdL3-xxrLQGT9kJaJSiNCa_Lbu0rwaIKSdGN5IKd
2026-04-15 09:29:19 [com.example.crudapp.Main.main()] INFO  com.example.crudapp.Main - --------------------------------------------------
2026-04-15 09:29:19 [com.example.crudapp.Main.main()] INFO  c.e.crudapp.logic.DynamicCrudManager - 🚀 Registering dynamic resource: [Product] at path [/api/v2/products]
2026-04-15 09:29:20 [com.example.crudapp.Main.main()] INFO  o.h.validator.internal.util.Version - HV000001: Hibernate Validator 8.0.1.Final
2026-04-15 09:29:20 [com.example.crudapp.Main.main()] INFO  io.javalin.Javalin - Starting Javalin ...
2026-04-15 09:29:20 [com.example.crudapp.Main.main()] INFO  org.eclipse.jetty.server.Server - jetty-11.0.23; built: 2024-08-14T01:40:17.906Z; git: 6fcf5ccaebd7ca13a0cb96c96adca699a24080a0; jvm 26+35-2893
2026-04-15 09:29:20 [com.example.crudapp.Main.main()] INFO  o.e.j.s.s.DefaultSessionIdManager - Session workerName=node0
2026-04-15 09:29:20 [com.example.crudapp.Main.main()] INFO  o.e.j.server.handler.ContextHandler - Started o.e.j.s.ServletContextHandler@51dc75f0{/,null,AVAILABLE}
2026-04-15 09:29:20 [com.example.crudapp.Main.main()] INFO  o.e.jetty.server.AbstractConnector - Started ServerConnector@e63db03{HTTP/1.1, (http/1.1)}{0.0.0.0:8080}
2026-04-15 09:29:20 [com.example.crudapp.Main.main()] INFO  org.eclipse.jetty.server.Server - Started Server@ba57679{STARTING}[11.0.23,sto=0] @5211ms
2026-04-15 09:29:20 [com.example.crudapp.Main.main()] INFO  io.javalin.Javalin - 
       __                  ___           _____
      / /___ __   ______ _/ (_)___      / ___/
 __  / / __ `/ | / / __ `/ / / __ \    / __ \
/ /_/ / /_/ /| |/ / /_/ / / / / / /   / /_/ /
\____/\__,_/ |___/\__,_/_/_/_/ /_/    \____/

       https://javalin.io/documentation

2026-04-15 09:29:20 [com.example.crudapp.Main.main()] INFO  io.javalin.Javalin - Javalin started in 354ms \o/
2026-04-15 09:29:20 [com.example.crudapp.Main.main()] INFO  io.javalin.Javalin - Listening on http://localhost:8080/
2026-04-15 09:29:20 [com.example.crudapp.Main.main()] INFO  io.javalin.Javalin - You are running Javalin 6.3.0 (released August 22, 2024. Your Javalin version is 600 days old. Consider checking for a newer version.).
2026-04-15 09:29:20 [com.example.crudapp.Main.main()] INFO  com.example.crudapp.Main - 🚀 Server started on http://localhost:8080
2026-04-15 09:33:47 [com.example.crudapp.Main.main()] INFO  com.example.crudapp.Main - Starting Generic CRUD Application (Vanilla Java)...
2026-04-15 09:33:47 [com.example.crudapp.Main.main()] INFO  com.example.crudapp.Main - --------------------------------------------------
2026-04-15 09:33:47 [com.example.crudapp.Main.main()] INFO  com.example.crudapp.Main - 🔑 TEST JWT TOKEN (for Postman/Browser extension):
2026-04-15 09:33:47 [com.example.crudapp.Main.main()] INFO  com.example.crudapp.Main - Bearer eyJhbGciOiJIUzM4NCJ9.eyJzdWIiOiJ0ZXN0LXVzZXIifQ.zVMnd2RVVkjfD8Fhbd_VWyrsqdL3-xxrLQGT9kJaJSiNCa_Lbu0rwaIKSdGN5IKd
2026-04-15 09:33:47 [com.example.crudapp.Main.main()] INFO  com.example.crudapp.Main - --------------------------------------------------
2026-04-15 09:33:47 [com.example.crudapp.Main.main()] INFO  c.e.crudapp.logic.DynamicCrudManager - 🚀 Registering dynamic resource: [Product] at path [/api/v2/products]
2026-04-15 09:33:47 [com.example.crudapp.Main.main()] INFO  o.h.validator.internal.util.Version - HV000001: Hibernate Validator 8.0.1.Final
2026-04-15 09:33:48 [com.example.crudapp.Main.main()] INFO  io.javalin.Javalin - Starting Javalin ...
2026-04-15 09:33:48 [com.example.crudapp.Main.main()] INFO  org.eclipse.jetty.server.Server - jetty-11.0.23; built: 2024-08-14T01:40:17.906Z; git: 6fcf5ccaebd7ca13a0cb96c96adca699a24080a0; jvm 26+35-2893
2026-04-15 09:33:48 [com.example.crudapp.Main.main()] INFO  o.e.j.s.s.DefaultSessionIdManager - Session workerName=node0
2026-04-15 09:33:48 [com.example.crudapp.Main.main()] INFO  o.e.j.server.handler.ContextHandler - Started o.e.j.s.ServletContextHandler@327f1713{/,null,AVAILABLE}
2026-04-15 09:33:48 [com.example.crudapp.Main.main()] INFO  o.e.jetty.server.AbstractConnector - Started ServerConnector@217b0fbb{HTTP/1.1, (http/1.1)}{0.0.0.0:8080}
2026-04-15 09:33:48 [com.example.crudapp.Main.main()] INFO  org.eclipse.jetty.server.Server - Started Server@59f40bc0{STARTING}[11.0.23,sto=0] @5845ms
2026-04-15 09:33:48 [com.example.crudapp.Main.main()] INFO  io.javalin.Javalin - 
       __                  ___           _____
      / /___ __   ______ _/ (_)___      / ___/
 __  / / __ `/ | / / __ `/ / / __ \    / __ \
/ /_/ / /_/ /| |/ / /_/ / / / / / /   / /_/ /
\____/\__,_/ |___/\__,_/_/_/_/ /_/    \____/

       https://javalin.io/documentation

2026-04-15 09:33:48 [com.example.crudapp.Main.main()] INFO  io.javalin.Javalin - Javalin started in 341ms \o/
2026-04-15 09:33:48 [com.example.crudapp.Main.main()] INFO  io.javalin.Javalin - Listening on http://localhost:8080/
2026-04-15 09:33:48 [com.example.crudapp.Main.main()] INFO  io.javalin.Javalin - You are running Javalin 6.3.0 (released August 22, 2024. Your Javalin version is 600 days old. Consider checking for a newer version.).
2026-04-15 09:33:48 [com.example.crudapp.Main.main()] INFO  com.example.crudapp.Main - 🚀 Server started on http://localhost:8080
2026-04-15 09:33:50 [Thread-22] INFO  com.example.crudapp.Main - Shutting down...
2026-04-15 09:33:50 [Thread-22] INFO  io.javalin.Javalin - Stopping Javalin ...
2026-04-15 09:33:50 [Thread-22] INFO  org.eclipse.jetty.server.Server - Stopped Server@59f40bc0{STOPPING}[11.0.23,sto=0]
2026-04-15 09:33:50 [Thread-22] INFO  o.e.jetty.server.AbstractConnector - Stopped ServerConnector@217b0fbb{HTTP/1.1, (http/1.1)}{0.0.0.0:8080}
2026-04-15 09:33:50 [Thread-22] INFO  o.e.j.server.handler.ContextHandler - Stopped o.e.j.s.ServletContextHandler@327f1713{/,null,STOPPED}
2026-04-15 09:33:50 [Thread-22] INFO  io.javalin.Javalin - Javalin has stopped
2026-04-15 09:33:50 [Thread-22] INFO  o.h.jpa.internal.util.LogHelper - HHH000204: Processing PersistenceUnitInfo [name: crud-unit]
2026-04-15 09:33:50 [Thread-22] INFO  org.hibernate.Version - HHH000412: Hibernate ORM core version 6.4.4.Final
2026-04-15 09:33:50 [Thread-22] INFO  o.h.c.i.RegionFactoryInitiator - HHH000026: Second-level cache disabled
2026-04-15 09:33:50 [Thread-22] WARN  o.hibernate.orm.connections.pooling - HHH10001002: Using built-in connection pool (not intended for production use)
2026-04-15 09:33:50 [Thread-22] INFO  o.hibernate.orm.connections.pooling - HHH10001005: Loaded JDBC driver class: org.postgresql.Driver
2026-04-15 09:33:50 [Thread-22] INFO  o.hibernate.orm.connections.pooling - HHH10001012: Connecting with JDBC URL [jdbc:postgresql://localhost:5432/cruddb]
2026-04-15 09:33:50 [Thread-22] INFO  o.hibernate.orm.connections.pooling - HHH10001001: Connection properties: {user=user, password=****}
2026-04-15 09:33:50 [Thread-22] INFO  o.hibernate.orm.connections.pooling - HHH10001003: Autocommit mode: false
2026-04-15 09:33:50 [Thread-22] INFO  o.hibernate.orm.connections.pooling - HHH10001115: Connection pool size: 20 (min=1)
2026-04-15 09:33:51 [Thread-22] WARN  org.hibernate.orm.deprecation - HHH90000025: PostgreSQLDialect does not need to be specified explicitly using 'hibernate.dialect' (remove the property setting and it will be selected by default)
2026-04-15 09:33:52 [Thread-22] INFO  o.h.e.t.j.p.i.JtaPlatformInitiator - HHH000489: No JTA platform available (set 'hibernate.transaction.jta.platform' to enable JTA platform integration)
2026-04-15 09:33:52 [Thread-22] INFO  o.hibernate.orm.connections.access - HHH10001501: Connection obtained from JdbcConnectionAccess [org.hibernate.engine.jdbc.env.internal.JdbcEnvironmentInitiator$ConnectionProviderJdbcConnectionAccess@1c5bc2f0] for (non-JTA) DDL execution was not in auto-commit mode; the Connection 'local transaction' will be committed and the Connection will be set into auto-commit mode.
2026-04-15 09:33:52 [Thread-22] INFO  o.hibernate.orm.connections.pooling - HHH10001008: Cleaning up connection pool [jdbc:postgresql://localhost:5432/cruddb]
2026-04-15 11:48:24 [com.example.crudapp.Main.main()] INFO  com.example.crudapp.Main - Starting Generic CRUD Application (Vanilla Java)...
2026-04-15 11:48:24 [com.example.crudapp.Main.main()] INFO  com.example.crudapp.Main - --------------------------------------------------
2026-04-15 11:48:24 [com.example.crudapp.Main.main()] INFO  com.example.crudapp.Main - 🔑 TEST JWT TOKEN (for Postman/Browser extension):
2026-04-15 11:48:24 [com.example.crudapp.Main.main()] INFO  com.example.crudapp.Main - Bearer eyJhbGciOiJIUzM4NCJ9.eyJzdWIiOiJ0ZXN0LXVzZXIifQ.zVMnd2RVVkjfD8Fhbd_VWyrsqdL3-xxrLQGT9kJaJSiNCa_Lbu0rwaIKSdGN5IKd
2026-04-15 11:48:24 [com.example.crudapp.Main.main()] INFO  com.example.crudapp.Main - --------------------------------------------------
2026-04-15 11:48:24 [com.example.crudapp.Main.main()] INFO  c.e.crudapp.logic.DynamicCrudManager - 🚀 Registering dynamic resource: [Product] at path [/api/v2/products]
2026-04-15 11:48:24 [com.example.crudapp.Main.main()] INFO  o.h.validator.internal.util.Version - HV000001: Hibernate Validator 8.0.1.Final
2026-04-15 11:48:25 [com.example.crudapp.Main.main()] INFO  io.javalin.Javalin - Starting Javalin ...
2026-04-15 11:48:25 [com.example.crudapp.Main.main()] INFO  org.eclipse.jetty.server.Server - jetty-11.0.23; built: 2024-08-14T01:40:17.906Z; git: 6fcf5ccaebd7ca13a0cb96c96adca699a24080a0; jvm 26+35-2893
2026-04-15 11:48:25 [com.example.crudapp.Main.main()] INFO  o.e.j.s.s.DefaultSessionIdManager - Session workerName=node0
2026-04-15 11:48:25 [com.example.crudapp.Main.main()] INFO  o.e.j.server.handler.ContextHandler - Started o.e.j.s.ServletContextHandler@7238b1a{/,null,AVAILABLE}
2026-04-15 11:48:25 [com.example.crudapp.Main.main()] INFO  o.e.jetty.server.AbstractConnector - Started ServerConnector@22b8d9e8{HTTP/1.1, (http/1.1)}{0.0.0.0:8080}
2026-04-15 11:48:25 [com.example.crudapp.Main.main()] INFO  org.eclipse.jetty.server.Server - Started Server@189b561c{STARTING}[11.0.23,sto=0] @4966ms
2026-04-15 11:48:25 [com.example.crudapp.Main.main()] INFO  io.javalin.Javalin - 
       __                  ___           _____
      / /___ __   ______ _/ (_)___      / ___/
 __  / / __ `/ | / / __ `/ / / __ \    / __ \
/ /_/ / /_/ /| |/ / /_/ / / / / / /   / /_/ /
\____/\__,_/ |___/\__,_/_/_/_/ /_/    \____/

       https://javalin.io/documentation

2026-04-15 11:48:25 [com.example.crudapp.Main.main()] INFO  io.javalin.Javalin - Javalin started in 305ms \o/
2026-04-15 11:48:25 [com.example.crudapp.Main.main()] INFO  io.javalin.Javalin - Listening on http://localhost:8080/
2026-04-15 11:48:25 [com.example.crudapp.Main.main()] INFO  io.javalin.Javalin - You are running Javalin 6.3.0 (released August 22, 2024. Your Javalin version is 600 days old. Consider checking for a newer version.).
2026-04-15 11:48:25 [com.example.crudapp.Main.main()] INFO  com.example.crudapp.Main - 🚀 Server started on http://localhost:8080
2026-04-15 11:48:27 [Thread-22] INFO  com.example.crudapp.Main - Shutting down...
2026-04-15 11:48:27 [Thread-22] INFO  io.javalin.Javalin - Stopping Javalin ...
2026-04-15 11:48:27 [Thread-22] INFO  org.eclipse.jetty.server.Server - Stopped Server@189b561c{STOPPING}[11.0.23,sto=0]
2026-04-15 11:48:27 [Thread-22] INFO  o.e.jetty.server.AbstractConnector - Stopped ServerConnector@22b8d9e8{HTTP/1.1, (http/1.1)}{0.0.0.0:8080}
2026-04-15 11:48:27 [Thread-22] INFO  o.e.j.server.handler.ContextHandler - Stopped o.e.j.s.ServletContextHandler@7238b1a{/,null,STOPPED}
2026-04-15 11:48:27 [Thread-22] INFO  io.javalin.Javalin - Javalin has stopped
2026-04-15 11:48:27 [Thread-22] INFO  o.h.jpa.internal.util.LogHelper - HHH000204: Processing PersistenceUnitInfo [name: crud-unit]
2026-04-15 11:48:27 [Thread-22] INFO  org.hibernate.Version - HHH000412: Hibernate ORM core version 6.4.4.Final
2026-04-15 11:48:28 [Thread-22] INFO  o.h.c.i.RegionFactoryInitiator - HHH000026: Second-level cache disabled
2026-04-15 11:48:28 [Thread-22] WARN  o.hibernate.orm.connections.pooling - HHH10001002: Using built-in connection pool (not intended for production use)
2026-04-15 11:48:28 [Thread-22] INFO  o.hibernate.orm.connections.pooling - HHH10001005: Loaded JDBC driver class: org.postgresql.Driver
2026-04-15 11:48:28 [Thread-22] INFO  o.hibernate.orm.connections.pooling - HHH10001012: Connecting with JDBC URL [jdbc:postgresql://localhost:5432/cruddb]
2026-04-15 11:48:28 [Thread-22] INFO  o.hibernate.orm.connections.pooling - HHH10001001: Connection properties: {user=user, password=****}
2026-04-15 11:48:28 [Thread-22] INFO  o.hibernate.orm.connections.pooling - HHH10001003: Autocommit mode: false
2026-04-15 11:48:28 [Thread-22] INFO  o.hibernate.orm.connections.pooling - HHH10001115: Connection pool size: 20 (min=1)
2026-04-15 11:48:28 [Thread-22] WARN  org.hibernate.orm.deprecation - HHH90000025: PostgreSQLDialect does not need to be specified explicitly using 'hibernate.dialect' (remove the property setting and it will be selected by default)
2026-04-15 11:48:29 [Thread-22] INFO  o.h.e.t.j.p.i.JtaPlatformInitiator - HHH000489: No JTA platform available (set 'hibernate.transaction.jta.platform' to enable JTA platform integration)
2026-04-15 11:48:29 [Thread-22] INFO  o.hibernate.orm.connections.access - HHH10001501: Connection obtained from JdbcConnectionAccess [org.hibernate.engine.jdbc.env.internal.JdbcEnvironmentInitiator$ConnectionProviderJdbcConnectionAccess@1d285ffe] for (non-JTA) DDL execution was not in auto-commit mode; the Connection 'local transaction' will be committed and the Connection will be set into auto-commit mode.
2026-04-15 11:48:29 [Thread-22] INFO  o.hibernate.orm.connections.pooling - HHH10001008: Cleaning up connection pool [jdbc:postgresql://localhost:5432/cruddb]
